[debug] [2020-12-19T12:48:19.739Z] ----------------------------------------------------------------------
[debug] [2020-12-19T12:48:19.741Z] Command:       /usr/local/bin/node /usr/local/bin/firebase init
[debug] [2020-12-19T12:48:19.742Z] CLI Version:   9.0.1
[debug] [2020-12-19T12:48:19.742Z] Platform:      darwin
[debug] [2020-12-19T12:48:19.743Z] Node Version:  v14.15.1
[debug] [2020-12-19T12:48:19.794Z] Time:          Sat Dec 19 2020 19:48:19 GMT+0700 (Western Indonesia Time)
[debug] [2020-12-19T12:48:19.795Z] ----------------------------------------------------------------------
[debug] [2020-12-19T12:48:19.795Z] 
[debug] [2020-12-19T12:48:20.054Z] > command requires scopes: ["email","openid","https://www.googleapis.com/auth/cloudplatformprojects.readonly","https://www.googleapis.com/auth/firebase","https://www.googleapis.com/auth/cloud-platform"]
[debug] [2020-12-19T12:48:20.054Z] > authorizing via signed-in user
[info] 
     ######## #### ########  ######## ########     ###     ######  ########
     ##        ##  ##     ## ##       ##     ##  ##   ##  ##       ##
     ######    ##  ########  ######   ########  #########  ######  ######
     ##        ##  ##    ##  ##       ##     ## ##     ##       ## ##
     ##       #### ##     ## ######## ########  ##     ##  ######  ########

You're about to initialize a Firebase project in this directory:

  /Users/testing/Documents/Project On Porto/stories/client

Before we get started, keep in mind:

  * You are initializing in an existing Firebase project directory

